<?xml version="1.0" encoding="UTF-8"?>
<testsuite xmlns:xsi="http://www.w3.org/2001/XMLSchema-instance" xsi:noNamespaceSchemaLocation="https://maven.apache.org/surefire/maven-surefire-plugin/xsd/surefire-test-report-3.0.xsd" version="3.0" name="simplilearn.dummy.DummyApplicationTests" time="6.604" tests="1" errors="0" skipped="0" failures="0">
  <properties>
[...]
</properties>
  <testcase name="contextLoads" classname="simplilearn.dummy.DummyApplicationTests" time="2.241">
    <system-out><![CDATA[19:08:27.324 [main] INFO org.springframework.test.context.support.AnnotationConfigContextLoaderUtils -- Could not detect default configuration classes for test class [simplilearn.dummy.DummyApplicationTests]: DummyApplicationTests does not declare any static, non-private, non-final, nested classes annotated with @Configuration.
19:08:27.787 [main] INFO org.springframework.boot.test.context.SpringBootTestContextBootstrapper -- Found @SpringBootConfiguration simplilearn.dummy.DummyApplication for test class simplilearn.dummy.DummyApplicationTests

  .   ____          _            __ _ _
 /\\ / ___'_ __ _ _(_)_ __  __ _ \ \ \ \
( ( )\___ | '_ | '_| | '_ \/ _` | \ \ \ \
 \\/  ___)| |_)| | | | | || (_| |  ) ) ) )
  '  |____| .__|_| |_|_| |_\__, | / / / /
 =========|_|==============|___/=/_/_/_/
 :: Spring Boot ::       (v3.1.1-SNAPSHOT)

2025-03-16T19:08:28.830+05:30  INFO 22429 --- [           main] s.dummy.DummyApplicationTests            : Starting DummyApplicationTests using Java 21.0.6 with PID 22429 (started by root in /home/ubuntu/java-project)
2025-03-16T19:08:28.833+05:30  INFO 22429 --- [           main] s.dummy.DummyApplicationTests            : No active profile set, falling back to 1 default profile: "default"
2025-03-16T19:08:31.112+05:30  INFO 22429 --- [           main] s.dummy.DummyApplicationTests            : Started DummyApplicationTests in 2.958 seconds (process running for 6.993)
]]></system-out>
    <system-err><![CDATA[WARNING: A Java agent has been loaded dynamically (/root/.m2/repository/net/bytebuddy/byte-buddy-agent/1.14.5/byte-buddy-agent-1.14.5.jar)
WARNING: If a serviceability tool is in use, please run with -XX:+EnableDynamicAgentLoading to hide this warning
WARNING: If a serviceability tool is not in use, please run with -Djdk.instrument.traceUsage for more information
WARNING: Dynamic loading of agents will be disallowed by default in a future release
]]></system-err>
  </testcase>
</testsuite>